[11/08/17, 13:56:55:798] info: ╔═════════════════════════════════════════════════════════════════════════╗
[11/08/17, 13:56:55:800] info: ║      Slack 2.8.0, linux 4.13.9-ck on x64 at 11/08/17, 13:56:55:790      ║
[11/08/17, 13:56:55:801] info: ╚═════════════════════════════════════════════════════════════════════════╝
[11/08/17, 13:56:56:023] info: Initializing local storage instance at path: /home/kronos/.config/Slack/local-settings.json
[11/08/17, 13:56:56:231] info: TraceRecorder: setting up trace recorder, trace will be stored under /home/kronos/.config/Slack/logs/recorded-trace
[11/08/17, 13:57:20:124] warn: BrowserStore: Couldn't access keychain, make note of it
[11/08/17, 13:57:20:130] info: Store: persist/REHYDRATE
[11/08/17, 13:57:20:134] info: BrowserStore: Let's migrate Redux state
[11/08/17, 13:57:20:135] info: Initializing local storage instance at path: /home/kronos/.config/Slack/redux-state.json
[11/08/17, 13:57:20:136] info: BrowserStore: Finished migration, make a note of it
[11/08/17, 13:57:20:139] info: Store: COMPLETED
{ redux: true, macgap: false }
[11/08/17, 13:57:24:913] error: Couldn't get Linux distro info
{ message: '',
  stack: 'Error\n    at /opt/slack/resources/app.asar/src/browser/main.ts:293:23\n    at Generator.next (<anonymous>)\n    at fulfilled (/opt/slack/resources/app.asar/node_modules/tslib/tslib.js:93:62)' }
[11/08/17, 13:57:25:026] info: Tray Handler: Showing a tray balloon with title: Welcome to Slack!
[11/08/17, 13:57:25:033] info: Store: UPDATE_SETTINGS
{ isDevMode: false,
  appVersion: '2.8.0',
  versionName: 'Zero',
  devEnv: null,
  resourcePath: '/opt/slack/resources/app.asar',
  launchedWithLink: null,
  webappSrcPath: null,
  webappParams: null,
  launchOnStartup: false,
  releaseChannel: 'prod',
  openDevToolsOnStart: false,
  logFile: null,
  pretendNotReallyWindows10: false,
  isAeroGlassEnabled: false,
  platformVersion: { major: 4, minor: 13, build: 9 },
  isTitleBarHidden: false,
  linux: { os: '', release: '', desktopEnvironment: '' } }
[11/08/17, 13:57:25:038] info: Store: UPDATE_SETTINGS
{ hasRunApp: true }
[11/08/17, 13:57:25:078] info: Store: ADD_WINDOW
{ id: 1, type: 'MAIN' }
[11/08/17, 13:57:25:083] info: Loading windowMetrics
[11/08/17, 13:57:25:087] info: Store: SAVE_WINDOW_SETTINGS
{ position: [ 196, 24 ], size: [ 1024, 744 ] }
[11/08/17, 13:57:25:119] info: Store: UPDATE_SETTINGS
{ PrefSSBFileDownloadPath: '/home/kronos/Downloads' }
[11/08/17, 13:57:25:123] info: DownloadListener: Downloads directory set to /home/kronos/Downloads
[11/08/17, 13:57:25:126] info: App: Welcome to Slack 2.8.0 x64
[11/08/17, 13:57:25:127] info: App load time: 29456ms
[11/08/17, 13:57:25:130] info: Store: SET_FULL_SCREEN
[11/08/17, 13:57:26:458] info: Store: SET_NETWORK_STATUS online
[11/08/17, 13:57:26:479] info: Main window finished load. Launched on login: false
[11/08/17, 13:57:26:963] info: Store: APP_STARTED
[11/08/17, 13:57:26:968] info: Store: SET_FULL_SCREEN
[11/08/17, 13:57:27:025] info: Store: SET_FULL_SCREEN
[11/08/17, 13:57:27:028] info: Store: SET_FULL_SCREEN
[11/08/17, 13:57:27:037] info: Store: SET_FULL_SCREEN
[11/08/17, 13:57:27:040] info: Store: SET_FULL_SCREEN
[11/08/17, 13:57:27:053] info: Store: SET_FULL_SCREEN
[11/08/17, 13:57:28:051] info: Store: SAVE_WINDOW_SETTINGS
{ size: [ 1024, 715 ],
  position: [ 201, 48 ],
  isMaximized: false }
[11/08/17, 13:57:32:069] info: Store: page-loaded
[11/08/17, 13:57:38:962] info: Store: SAVE_WINDOW_SETTINGS
{ size: [ 1024, 715 ],
  position: [ 232, 60 ],
  isMaximized: false }
[11/08/17, 13:57:44:685] info: Store: page-loaded
[11/08/17, 13:57:56:448] info: Store: ADD_NEW_TEAM
{ id: 'U7Y0WC3QE',
  name: '[REDACTED]',
  team_id: 'T7X26V3D1',
  team_name: '[REDACTED]',
  team_url: '[REDACTED]' }
[11/08/17, 13:57:56:461] info: Store: SET_LOGIN_DIALOG
[11/08/17, 13:58:00:479] info: Store: page-loaded
[11/08/17, 13:58:00:682] info: Store: SELECT_CHANNEL C7X8L7EAZ
[11/08/17, 13:58:00:697] info: Store: UPDATE_TEAM_LOCALE
{ locale: 'en-US', teamId: 'T7X26V3D1' }
[11/08/17, 13:58:01:985] info: Store: UPDATE_TEAM_THEME
{ theme: 
   { column_bg: '#4D394B',
     menu_bg: '#3E313C',
     active_item: '#4C9689',
     active_item_text: '#FFFFFF',
     hover_item: '#3E313C',
     text_color: '#FFFFFF',
     active_presence: '#38978D',
     badge: '#EB4D5C' },
  teamId: 'T7X26V3D1' }
[11/08/17, 13:58:01:990] info: Store: UPDATE_TEAM_ICONS
{ icons: false, teamId: 'T7X26V3D1' }
[11/08/17, 13:58:01:993] info: Store: UPDATE_TEAM_LOCALE
{ locale: 'en-US', teamId: 'T7X26V3D1' }
[11/08/17, 13:58:02:136] info: Store: webapp-loaded
[11/08/17, 13:58:02:279] info: Store: [7] Store an API token for a team
[11/08/17, 13:59:09:916] info: Store: SAVE_WINDOW_SETTINGS
{ position: [ 196, 24 ], size: [ 1024, 744 ], isMaximized: true }
[11/08/17, 13:59:13:372] info: Store: SET_LOGIN_DIALOG true
[11/08/17, 13:59:13:374] info: Store: FOREGROUND_APP
[11/08/17, 13:59:16:338] info: Store: page-loaded
[11/08/17, 13:59:22:596] info: Store: page-loaded
[11/08/17, 13:59:33:581] info: Store: ADD_NEW_TEAM
{ id: 'U7WJRAJQ1',
  name: '[REDACTED]',
  team_id: 'T7WJRAJ1X',
  team_name: '[REDACTED]',
  team_url: '[REDACTED]' }
[11/08/17, 13:59:33:598] info: Store: SET_LOGIN_DIALOG
[11/08/17, 13:59:37:531] info: Store: page-loaded
[11/08/17, 13:59:37:716] info: Store: SELECT_CHANNEL C7WEPD5KJ
[11/08/17, 13:59:37:728] info: Store: UPDATE_TEAM_LOCALE
{ locale: 'en-US', teamId: 'T7WJRAJ1X' }
[11/08/17, 13:59:37:786] info: Store: UPDATE_TEAM_THEME
{ theme: 
   { column_bg: '#4D394B',
     menu_bg: '#3E313C',
     active_item: '#4C9689',
     active_item_text: '#FFFFFF',
     hover_item: '#3E313C',
     text_color: '#FFFFFF',
     active_presence: '#38978D',
     badge: '#EB4D5C' },
  teamId: 'T7WJRAJ1X' }
[11/08/17, 13:59:38:433] info: Store: UPDATE_TEAM_ICONS
{ icons: false, teamId: 'T7WJRAJ1X' }
[11/08/17, 13:59:38:554] info: Store: UPDATE_TEAM_LOCALE
{ locale: 'en-US', teamId: 'T7WJRAJ1X' }
[11/08/17, 13:59:38:597] info: Store: SELECT_TEAM T7WJRAJ1X
[11/08/17, 13:59:38:602] info: Store: FOREGROUND_APP
[11/08/17, 13:59:38:611] info: Store: webapp-loaded
[11/08/17, 13:59:38:843] info: Store: [7] Store an API token for a team
[11/08/17, 13:59:45:880] info: Store: SELECT_TEAM T7X26V3D1
[11/08/17, 13:59:45:883] info: Store: FOREGROUND_APP
[11/08/17, 13:59:47:968] info: Store: SELECT_CHANNEL D7WESPU9E
[11/08/17, 13:59:54:948] info: Store: SELECT_CHANNEL C7X8L7EAZ
[11/08/17, 13:59:59:663] info: Store: SELECT_CHANNEL C7X8L7EAZ
[11/08/17, 14:00:25:346] info: Store: SELECT_CHANNEL C7X4EG7DY
[11/08/17, 14:00:58:227] info: Store: SELECT_TEAM T7X26V3D1
[11/08/17, 14:01:02:943] info: Store: SELECT_CHANNEL C7X8L7EAZ
[11/08/17, 14:04:00:770] info: Attempted to close the window, hiding due to run from tray
[11/08/17, 14:04:00:775] info: Store: UPDATE_SETTINGS
{ hasRunFromTray: true }
[11/08/17, 14:04:00:779] info: Store: SHOW_TRAY_BALLOON
{ title: 'Why didn’t Slack quit?',
  content: 'Slack’s set to stay running in the notification area. To change this, visit Preferences > Linux App.' }
[11/08/17, 14:04:00:782] info: Tray Handler: Showing a tray balloon with title: Why didn’t Slack quit?
[11/08/17, 14:04:02:262] info: Store: SAVE_WINDOW_SETTINGS
{ size: [ 1316, 744 ], position: [ 50, 24 ], isMaximized: false }
[11/08/17, 14:04:03:822] info: Store: FOREGROUND_APP
[11/08/17, 14:04:03:830] info: Store: SET_FULL_SCREEN
[11/08/17, 14:04:03:875] info: Store: SET_FULL_SCREEN
[11/08/17, 14:04:03:877] info: Store: SET_FULL_SCREEN
[11/08/17, 14:04:03:893] info: Store: SET_FULL_SCREEN
[11/08/17, 14:04:03:901] info: Store: SET_FULL_SCREEN
[11/08/17, 14:04:04:886] info: Store: SAVE_WINDOW_SETTINGS
{ position: [ 196, 24 ], size: [ 1024, 744 ], isMaximized: true }
[11/08/17, 14:04:05:781] info: Attempted to close the window, hiding due to run from tray
[11/08/17, 14:04:06:808] info: Store: SAVE_WINDOW_SETTINGS
{ size: [ 1316, 744 ], position: [ 50, 24 ], isMaximized: false }
[11/08/17, 18:46:30:406] info: ╔═════════════════════════════════════════════════════════════════════════╗
[11/08/17, 18:46:30:408] info: ║      Slack 2.8.0, linux 4.13.9-ck on x64 at 11/08/17, 18:46:30:398      ║
[11/08/17, 18:46:30:409] info: ╚═════════════════════════════════════════════════════════════════════════╝
[11/08/17, 18:46:30:759] info: Initializing local storage instance at path: /home/kronos/.config/Slack/local-settings.json
[11/08/17, 18:46:31:171] info: TraceRecorder: setting up trace recorder, trace will be stored under /home/kronos/.config/Slack/logs/recorded-trace
[11/08/17, 18:46:31:533] info: BrowserStore: Keychain access previously denied, don't ask again
[11/08/17, 18:46:31:544] info: Store: persist/REHYDRATE
[11/08/17, 18:46:31:703] error: Couldn't get Linux distro info
{ message: '',
  stack: 'Error\n    at /opt/slack/resources/app.asar/src/browser/main.ts:293:23\n    at Generator.next (<anonymous>)\n    at fulfilled (/opt/slack/resources/app.asar/node_modules/tslib/tslib.js:93:62)' }
[11/08/17, 18:46:31:840] info: Store: UPDATE_SETTINGS
{ isDevMode: false,
  appVersion: '2.8.0',
  versionName: 'Zero',
  devEnv: null,
  resourcePath: '/opt/slack/resources/app.asar',
  launchedWithLink: null,
  webappSrcPath: null,
  webappParams: null,
  launchOnStartup: false,
  releaseChannel: 'prod',
  openDevToolsOnStart: false,
  logFile: null,
  pretendNotReallyWindows10: false,
  isAeroGlassEnabled: false,
  platformVersion: { major: 4, minor: 13, build: 9 },
  isTitleBarHidden: false,
  linux: { os: '', release: '', desktopEnvironment: '' } }
[11/08/17, 18:46:31:860] info: Store: ADD_WINDOW
{ id: 1, type: 'MAIN' }
[11/08/17, 18:46:31:865] info: Loading windowMetrics
{ size: [ 1316, 744 ], position: [ 50, 24 ], isMaximized: false }
[11/08/17, 18:46:31:893] info: App: Welcome to Slack 2.8.0 x64
[11/08/17, 18:46:31:894] info: App load time: 1790ms
[11/08/17, 18:46:31:896] info: Store: SET_FULL_SCREEN
[11/08/17, 18:46:33:422] info: Store: SET_NETWORK_STATUS online
[11/08/17, 18:46:33:443] info: Main window finished load. Launched on login: false
[11/08/17, 18:46:33:515] info: Store: APP_STARTED
[11/08/17, 18:46:33:519] info: Store: SET_FULL_SCREEN
[11/08/17, 18:46:38:219] info: Store: SET_FULL_SCREEN
[11/08/17, 18:46:38:223] info: Store: SET_FULL_SCREEN
[11/08/17, 18:46:38:240] info: Store: SET_FULL_SCREEN
[11/08/17, 18:46:38:244] info: Store: SET_FULL_SCREEN
[11/08/17, 18:46:39:240] info: Store: SAVE_WINDOW_SETTINGS
{ position: [ 196, 24 ], size: [ 1024, 744 ], isMaximized: true }
[11/08/17, 18:46:42:111] info: Store: SELECT_CHANNEL C7WEPD5KJ
[11/08/17, 18:46:42:125] info: Store: UPDATE_TEAM_LOCALE
{ locale: 'en-US' }
[11/08/17, 18:46:42:199] info: Store: SELECT_CHANNEL C7X8L7EAZ
[11/08/17, 18:46:42:202] info: Store: UPDATE_TEAM_LOCALE
{ locale: 'en-US' }
[11/08/17, 18:46:43:053] info: Store: page-loaded
[11/08/17, 18:46:43:252] info: Store: page-loaded
[11/08/17, 18:46:43:288] info: Store: UPDATE_TEAM_ICONS
{ icons: false, teamId: 'T7WJRAJ1X' }
[11/08/17, 18:46:43:628] info: Store: UPDATE_TEAM_LOCALE
{ locale: 'en-US', teamId: 'T7WJRAJ1X' }
[11/08/17, 18:46:43:701] info: Store: webapp-loaded
[11/08/17, 18:46:43:833] info: Store: UPDATE_TEAM_ICONS
{ icons: false, teamId: 'T7X26V3D1' }
[11/08/17, 18:46:43:878] info: Store: [7] Store an API token for a team
[11/08/17, 18:46:44:005] info: Store: UPDATE_TEAM_THEME
{ theme: 
   { column_bg: '#4D394B',
     menu_bg: '#3E313C',
     active_item: '#4C9689',
     active_item_text: '#FFFFFF',
     hover_item: '#3E313C',
     text_color: '#FFFFFF',
     active_presence: '#38978D',
     badge: '#EB4D5C' },
  teamId: 'T7WJRAJ1X' }
[11/08/17, 18:46:44:079] info: Store: UPDATE_TEAM_LOCALE
{ locale: 'en-US', teamId: 'T7X26V3D1' }
[11/08/17, 18:46:44:169] info: Store: webapp-loaded
[11/08/17, 18:46:44:323] info: Store: UPDATE_TEAM_THEME
{ theme: 
   { column_bg: '#4D394B',
     menu_bg: '#3E313C',
     active_item: '#4C9689',
     active_item_text: '#FFFFFF',
     hover_item: '#3E313C',
     text_color: '#FFFFFF',
     active_presence: '#38978D',
     badge: '#EB4D5C' },
  teamId: 'T7X26V3D1' }
[11/08/17, 18:46:44:375] info: Store: [7] Store an API token for a team
[11/08/17, 18:46:57:920] info: Attempted to close the window, hiding due to run from tray
[11/08/17, 18:46:58:927] info: Store: SAVE_WINDOW_SETTINGS
{ size: [ 1316, 744 ], position: [ 50, 24 ], isMaximized: false }
[11/08/17, 18:47:01:184] info: Store: FOREGROUND_APP
[11/08/17, 18:47:01:193] info: Store: SET_FULL_SCREEN
[11/08/17, 18:47:01:249] info: Store: SET_FULL_SCREEN
[11/08/17, 18:47:01:253] info: Store: SET_FULL_SCREEN
[11/08/17, 18:47:01:261] info: Store: SET_FULL_SCREEN
[11/08/17, 18:47:01:265] info: Store: SET_FULL_SCREEN
[11/08/17, 18:47:02:260] info: Store: SAVE_WINDOW_SETTINGS
{ position: [ 196, 24 ], size: [ 1024, 744 ], isMaximized: true }
[11/08/17, 18:47:06:468] info: Store: SELECT_TEAM T7WJRAJ1X
[11/08/17, 18:47:06:489] info: Store: FOREGROUND_APP
[11/08/17, 18:47:22:029] info: Store: SELECT_TEAM T7X26V3D1
[11/08/17, 18:47:22:031] info: Store: FOREGROUND_APP
[11/08/17, 18:47:46:988] info: Attempted to close the window, hiding due to run from tray
[11/08/17, 18:47:48:013] info: Store: SAVE_WINDOW_SETTINGS
{ size: [ 1316, 744 ], position: [ 50, 24 ], isMaximized: false }
[11/08/17, 18:49:35:705] info: Main: Received /usr/bin/slack,--disable-gpu from another instance
[11/08/17, 18:49:35:708] info: App: Otherwise signaled, foregrounding.
[11/08/17, 18:49:35:709] info: Store: FOREGROUND_APP
[11/08/17, 18:49:35:743] info: Store: SET_FULL_SCREEN
[11/08/17, 18:49:35:810] info: Store: SET_FULL_SCREEN
[11/08/17, 18:49:35:813] info: Store: SET_FULL_SCREEN
[11/08/17, 18:49:35:832] info: Store: SET_FULL_SCREEN
[11/08/17, 18:49:35:846] info: Store: SET_FULL_SCREEN
[11/08/17, 18:49:36:832] info: Store: SAVE_WINDOW_SETTINGS
{ position: [ 196, 24 ], size: [ 1024, 744 ], isMaximized: true }
[11/08/17, 18:50:39:570] info: Store: SELECT_TEAM T7WJRAJ1X
[11/08/17, 18:50:39:576] info: Store: FOREGROUND_APP
[11/08/17, 18:50:41:218] info: Store: SELECT_TEAM T7X26V3D1
[11/08/17, 18:50:41:221] info: Store: FOREGROUND_APP
[11/08/17, 18:51:15:214] info: Store: SELECT_TEAM T7WJRAJ1X
[11/08/17, 18:51:16:111] info: Store: SELECT_TEAM T7X26V3D1
[11/08/17, 18:51:30:277] info: Store: FOREGROUND_APP
[11/08/17, 18:51:30:520] info: Store: FOREGROUND_APP
[11/08/17, 18:51:31:146] info: Store: FOREGROUND_APP
[11/08/17, 18:51:31:318] info: Store: FOREGROUND_APP
[11/08/17, 18:51:31:500] info: Store: FOREGROUND_APP
[11/08/17, 18:51:33:730] info: Store: SELECT_CHANNEL D7WEKHP24
[11/08/17, 18:51:35:825] info: Store: SELECT_CHANNEL D7X6LS1FU
[11/08/17, 18:51:37:269] info: Store: SELECT_CHANNEL D7WEKHP24
[11/08/17, 18:51:38:610] info: Store: SELECT_CHANNEL D7WNK4R89
[11/08/17, 18:51:39:424] info: Store: SELECT_CHANNEL D7WESPU9E
[11/08/17, 18:51:43:017] info: Store: SELECT_CHANNEL C7X8L7EAZ
[11/08/17, 18:51:43:628] info: Store: SELECT_CHANNEL C7X4EG7DY
[11/08/17, 18:52:12:198] info: Store: SELECT_CHANNEL C7X8L7EAZ
[11/08/17, 19:01:34:542] info: Store: NEW_NOTIFICATION
{ id: 'qj8KSOhEANoRzo4',
  title: '[REDACTED]',
  subtitle: '[REDACTED]',
  content: '[REDACTED]',
  launchUri: 'slack://channel?id=D7X2AR9D1&message=1510185694.000038&team=T7WJRAJ1X',
  imageUri: null,
  channel: 'D7X2AR9D1',
  msg: '1510185694.000038',
  avatarImage: 'https://ca.slack-edge.com/T7WJRAJ1X-USLACKBOT-sv1444671949-512',
  teamId: 'T7WJRAJ1X' }
[11/08/17, 19:01:34:548] info: Store: NEW_NOTIFICATION
{ id: 'GZKBUBiQxkBA4Bq',
  title: '[REDACTED]',
  subtitle: '[REDACTED]',
  content: '[REDACTED]',
  launchUri: 'slack://channel?id=D7X2AR9D1&message=1510185694.000046&team=T7WJRAJ1X',
  imageUri: null,
  channel: 'D7X2AR9D1',
  msg: '1510185694.000046',
  avatarImage: 'https://ca.slack-edge.com/T7WJRAJ1X-USLACKBOT-sv1444671949-512',
  teamId: 'T7WJRAJ1X' }
[11/08/17, 19:01:45:127] info: Store: SELECT_TEAM T7WJRAJ1X
[11/08/17, 19:01:45:130] info: Store: FOREGROUND_APP
[11/08/17, 19:01:48:492] info: Store: SELECT_CHANNEL D7X2AR9D1
[11/08/17, 19:02:00:134] info: Store: SELECT_CHANNEL D7X2AR9KM
[11/08/17, 19:02:02:351] info: Store: SELECT_CHANNEL D7X2AR9D1
[11/08/17, 19:02:04:531] info: Store: SELECT_CHANNEL D7X7SE811
[11/08/17, 19:02:58:562] info: Store: UPDATE_TEAM_ICONS
{ icons: false, teamId: 'T7WJRAJ1X' }
[11/08/17, 19:02:58:666] info: Store: UPDATE_TEAM_LOCALE
{ locale: 'en-US', teamId: 'T7WJRAJ1X' }
[11/08/17, 19:03:02:672] info: Store: SELECT_CHANNEL D7X7SE811
[11/08/17, 19:04:12:871] info: Store: SELECT_TEAM T7X26V3D1
[11/08/17, 19:04:12:876] info: Store: FOREGROUND_APP
[11/08/17, 19:04:15:179] info: Store: SELECT_TEAM T7WJRAJ1X
[11/08/17, 19:04:15:181] info: Store: FOREGROUND_APP
[11/08/17, 19:04:17:278] info: Store: SELECT_CHANNEL C7WEPD5KJ
[11/08/17, 19:04:18:331] info: Store: SELECT_TEAM T7X26V3D1
[11/08/17, 19:04:18:334] info: Store: FOREGROUND_APP
[11/08/17, 19:07:49:007] info: Store: UPDATE_TEAM_ICONS
{ icons: false, teamId: 'T7X26V3D1' }
[11/08/17, 19:07:49:190] info: Store: UPDATE_TEAM_LOCALE
{ locale: 'en-US', teamId: 'T7X26V3D1' }
[11/08/17, 19:08:48:803] info: Store: SELECT_TEAM T7WJRAJ1X
[11/08/17, 19:10:30:637] info: Store: SELECT_TEAM T7X26V3D1
[11/08/17, 19:10:30:643] info: Store: FOREGROUND_APP
[11/08/17, 19:11:00:392] info: Attempted to close the window, hiding due to run from tray
[11/08/17, 19:11:01:409] info: Store: SAVE_WINDOW_SETTINGS
{ size: [ 1316, 744 ], position: [ 50, 24 ], isMaximized: false }
[11/08/17, 19:16:43:169] info: Store: FOREGROUND_APP
[11/08/17, 19:16:43:180] info: Store: SET_FULL_SCREEN
[11/08/17, 19:16:43:239] info: Store: SET_FULL_SCREEN
[11/08/17, 19:16:43:242] info: Store: SET_FULL_SCREEN
[11/08/17, 19:16:43:254] info: Store: SET_FULL_SCREEN
[11/08/17, 19:16:43:262] info: Store: SET_FULL_SCREEN
[11/08/17, 19:16:44:255] info: Store: SAVE_WINDOW_SETTINGS
{ position: [ 196, 24 ], size: [ 1024, 744 ], isMaximized: true }
[11/08/17, 19:27:15:776] info: Store: SELECT_TEAM T7WJRAJ1X
[11/08/17, 19:27:17:202] info: Store: SELECT_TEAM T7X26V3D1
[11/08/17, 19:27:17:205] info: Store: FOREGROUND_APP
[11/08/17, 19:27:17:606] info: Store: SELECT_TEAM T7WJRAJ1X
[11/08/17, 19:27:17:610] info: Store: FOREGROUND_APP
[11/08/17, 19:27:17:982] info: Store: SELECT_TEAM T7X26V3D1
[11/08/17, 19:27:17:984] info: Store: FOREGROUND_APP
[11/08/17, 19:27:18:495] info: Store: SELECT_TEAM T7WJRAJ1X
[11/08/17, 19:27:18:498] info: Store: FOREGROUND_APP
[11/08/17, 19:27:37:872] info: Store: SELECT_TEAM T7X26V3D1
[11/08/17, 19:27:37:875] info: Store: FOREGROUND_APP
[11/08/17, 19:27:39:050] info: Attempted to close the window, hiding due to run from tray
[11/08/17, 19:27:41:708] info: Store: SAVE_WINDOW_SETTINGS
{ size: [ 1316, 744 ], position: [ 50, 24 ], isMaximized: false }
[11/10/17, 13:18:56:191] info: ╔═════════════════════════════════════════════════════════════════════════╗
[11/10/17, 13:18:56:194] info: ║      Slack 2.8.0, linux 4.13.9-ck on x64 at 11/10/17, 13:18:56:183      ║
[11/10/17, 13:18:56:195] info: ╚═════════════════════════════════════════════════════════════════════════╝
[11/10/17, 13:18:56:584] info: Initializing local storage instance at path: /home/kronos/.config/Slack/local-settings.json
[11/10/17, 13:18:57:134] info: TraceRecorder: setting up trace recorder, trace will be stored under /home/kronos/.config/Slack/logs/recorded-trace
[11/10/17, 13:18:57:441] info: BrowserStore: Keychain access previously denied, don't ask again
[11/10/17, 13:18:57:460] info: Store: persist/REHYDRATE
[11/10/17, 13:18:57:492] error: Couldn't get Linux distro info
{ message: '',
  stack: 'Error\n    at /opt/slack/resources/app.asar/src/browser/main.ts:293:23\n    at Generator.next (<anonymous>)\n    at fulfilled (/opt/slack/resources/app.asar/node_modules/tslib/tslib.js:93:62)' }
[11/10/17, 13:18:57:647] info: Store: UPDATE_SETTINGS
{ isDevMode: false,
  appVersion: '2.8.0',
  versionName: 'Zero',
  devEnv: null,
  resourcePath: '/opt/slack/resources/app.asar',
  launchedWithLink: null,
  webappSrcPath: null,
  webappParams: null,
  launchOnStartup: false,
  releaseChannel: 'prod',
  openDevToolsOnStart: false,
  logFile: null,
  pretendNotReallyWindows10: false,
  isAeroGlassEnabled: false,
  platformVersion: { major: 4, minor: 13, build: 9 },
  isTitleBarHidden: false,
  linux: { os: '', release: '', desktopEnvironment: '' } }
[11/10/17, 13:18:57:676] info: Store: ADD_WINDOW
{ id: 1, type: 'MAIN' }
[11/10/17, 13:18:57:684] info: Loading windowMetrics
{ size: [ 1316, 744 ], position: [ 50, 24 ], isMaximized: false }
[11/10/17, 13:18:57:727] info: App: Welcome to Slack 2.8.0 x64
[11/10/17, 13:18:57:728] info: App load time: 1849ms
[11/10/17, 13:18:57:731] info: Store: SET_FULL_SCREEN
[11/10/17, 13:18:59:659] info: Store: SET_NETWORK_STATUS online
[11/10/17, 13:18:59:688] info: Main window finished load. Launched on login: false
[11/10/17, 13:18:59:800] info: Store: APP_STARTED
[11/10/17, 13:18:59:806] info: Store: SET_FULL_SCREEN
[11/10/17, 13:18:59:853] info: Store: SET_FULL_SCREEN
[11/10/17, 13:18:59:858] info: Store: SET_FULL_SCREEN
[11/10/17, 13:18:59:863] info: Store: SET_FULL_SCREEN
[11/10/17, 13:18:59:868] info: Store: SET_FULL_SCREEN
[11/10/17, 13:19:00:854] info: Store: SAVE_WINDOW_SETTINGS
{ position: [ 196, 24 ], size: [ 1024, 744 ], isMaximized: true }
[11/10/17, 13:19:06:605] info: Store: SELECT_CHANNEL C7X8L7EAZ
[11/10/17, 13:19:06:626] info: Store: UPDATE_TEAM_LOCALE
{ locale: 'en-US' }
[11/10/17, 13:19:06:683] info: Store: SELECT_CHANNEL C7WEPD5KJ
[11/10/17, 13:19:06:687] info: Store: UPDATE_TEAM_LOCALE
{ locale: 'en-US' }
[11/10/17, 13:19:07:611] info: Store: page-loaded
[11/10/17, 13:19:07:864] info: Store: UPDATE_TEAM_ICONS
{ icons: false, teamId: 'T7WJRAJ1X' }
[11/10/17, 13:19:08:004] info: Store: UPDATE_TEAM_LOCALE
{ locale: 'en-US', teamId: 'T7WJRAJ1X' }
[11/10/17, 13:19:08:079] info: Store: page-loaded
[11/10/17, 13:19:08:107] info: Store: webapp-loaded
[11/10/17, 13:19:08:270] info: Store: [7] Store an API token for a team
[11/10/17, 13:19:08:443] info: Store: UPDATE_TEAM_THEME
{ theme: 
   { column_bg: '#4D394B',
     menu_bg: '#3E313C',
     active_item: '#4C9689',
     active_item_text: '#FFFFFF',
     hover_item: '#3E313C',
     text_color: '#FFFFFF',
     active_presence: '#38978D',
     badge: '#EB4D5C' },
  teamId: 'T7WJRAJ1X' }
[11/10/17, 13:19:09:088] info: Store: UPDATE_TEAM_ICONS
{ icons: false, teamId: 'T7X26V3D1' }
[11/10/17, 13:19:09:100] info: Store: UPDATE_TEAM_LOCALE
{ locale: 'en-US', teamId: 'T7X26V3D1' }
[11/10/17, 13:19:09:161] info: Store: webapp-loaded
[11/10/17, 13:19:09:256] info: Store: UPDATE_TEAM_THEME
{ theme: 
   { column_bg: '#4D394B',
     menu_bg: '#3E313C',
     active_item: '#4C9689',
     active_item_text: '#FFFFFF',
     hover_item: '#3E313C',
     text_color: '#FFFFFF',
     active_presence: '#38978D',
     badge: '#EB4D5C' },
  teamId: 'T7X26V3D1' }
[11/10/17, 13:19:09:350] info: Store: [7] Store an API token for a team
[11/10/17, 13:27:08:274] info: Store: NEW_NOTIFICATION
{ id: 'BP00UVhj51780ZZ',
  title: '[REDACTED]',
  subtitle: '[REDACTED]',
  content: '[REDACTED]',
  launchUri: 'slack://channel?id=C7X8L7EAZ&message=1510338427.000598&team=T7X26V3D1',
  imageUri: null,
  channel: 'C7X8L7EAZ',
  msg: '1510338427.000598',
  avatarImage: 'https://ca.slack-edge.com/T7X26V3D1-U7WGRTF0Q-ffff3f79f9df-512',
  teamId: 'T7X26V3D1' }
[11/10/17, 14:30:04:072] info: Store: UPDATE_TEAM_ICONS
{ icons: false, teamId: 'T7X26V3D1' }
[11/10/17, 14:30:04:539] info: Store: UPDATE_TEAM_LOCALE
{ locale: 'en-US', teamId: 'T7X26V3D1' }
[11/10/17, 14:30:05:328] info: Store: UPDATE_TEAM_ICONS
{ icons: false, teamId: 'T7WJRAJ1X' }
[11/10/17, 14:30:05:581] info: Store: UPDATE_TEAM_LOCALE
{ locale: 'en-US', teamId: 'T7WJRAJ1X' }
[11/10/17, 15:56:33:376] info: Store: SELECT_CHANNEL D7WESPU9E
[11/10/17, 15:56:35:996] info: Store: SELECT_CHANNEL C7X8L7EAZ
[11/10/17, 20:30:37:191] info: Store: UPDATE_TEAM_ICONS
{ icons: false, teamId: 'T7X26V3D1' }
[11/10/17, 20:30:37:998] info: Store: UPDATE_TEAM_LOCALE
{ locale: 'en-US', teamId: 'T7X26V3D1' }
[11/10/17, 20:30:42:084] info: Store: UPDATE_TEAM_ICONS
{ icons: false, teamId: 'T7WJRAJ1X' }
[11/10/17, 20:30:42:255] info: Store: UPDATE_TEAM_LOCALE
{ locale: 'en-US', teamId: 'T7WJRAJ1X' }
[11/10/17, 23:23:51:164] info: Store: QUIT_APP
[11/10/17, 23:23:51:169] info: Allowing window close because user chose to quit
[11/10/17, 23:23:51:234] info: App: Disposing application
[11/10/17, 23:23:51:260] info: Store: REMOVE_WINDOW 1
[11/10/17, 23:23:51:300] info: Store: UPDATE_TEAM_USAGE
{ T7X26V3D1: 36291640 }
[11/12/17, 11:42:46:633] info: ╔═════════════════════════════════════════════════════════════════════════╗
[11/12/17, 11:42:46:635] info: ║      Slack 2.8.0, linux 4.13.9-ck on x64 at 11/12/17, 11:42:46:625      ║
[11/12/17, 11:42:46:636] info: ╚═════════════════════════════════════════════════════════════════════════╝
[11/12/17, 11:42:47:018] info: Initializing local storage instance at path: /home/kronos/.config/Slack/local-settings.json
[11/12/17, 11:42:47:499] info: TraceRecorder: setting up trace recorder, trace will be stored under /home/kronos/.config/Slack/logs/recorded-trace
[11/12/17, 11:42:47:976] info: BrowserStore: Keychain access previously denied, don't ask again
[11/12/17, 11:42:48:006] info: Store: persist/REHYDRATE
[11/12/17, 11:42:48:062] error: Couldn't get Linux distro info
{ message: '',
  stack: 'Error\n    at /opt/slack/resources/app.asar/src/browser/main.ts:293:23\n    at Generator.next (<anonymous>)\n    at fulfilled (/opt/slack/resources/app.asar/node_modules/tslib/tslib.js:93:62)' }
[11/12/17, 11:42:48:213] info: Store: UPDATE_SETTINGS
{ isDevMode: false,
  appVersion: '2.8.0',
  versionName: 'Zero',
  devEnv: null,
  resourcePath: '/opt/slack/resources/app.asar',
  launchedWithLink: null,
  webappSrcPath: null,
  webappParams: null,
  launchOnStartup: false,
  releaseChannel: 'prod',
  openDevToolsOnStart: false,
  logFile: null,
  pretendNotReallyWindows10: false,
  isAeroGlassEnabled: false,
  platformVersion: { major: 4, minor: 13, build: 9 },
  isTitleBarHidden: false,
  linux: { os: '', release: '', desktopEnvironment: '' } }
[11/12/17, 11:42:48:233] info: Store: ADD_WINDOW
{ id: 1, type: 'MAIN' }
[11/12/17, 11:42:48:238] info: Loading windowMetrics
{ position: [ 196, 24 ], size: [ 1024, 744 ], isMaximized: true }
[11/12/17, 11:42:48:267] info: App: Welcome to Slack 2.8.0 x64
[11/12/17, 11:42:48:268] info: App load time: 1935ms
[11/12/17, 11:42:48:270] info: Store: SET_FULL_SCREEN
[11/12/17, 11:42:48:555] info: Store: SET_FULL_SCREEN
[11/12/17, 11:42:48:777] info: Store: SET_FULL_SCREEN
[11/12/17, 11:42:48:784] info: Store: SET_FULL_SCREEN
[11/12/17, 11:42:48:788] info: Store: SET_FULL_SCREEN
[11/12/17, 11:42:48:792] info: Store: SET_FULL_SCREEN
[11/12/17, 11:42:48:801] info: Store: SET_FULL_SCREEN
[11/12/17, 11:42:49:805] info: Store: SAVE_WINDOW_SETTINGS
{ position: [ 196, 24 ], size: [ 1024, 744 ], isMaximized: true }
[11/12/17, 11:42:50:046] info: Store: SET_NETWORK_STATUS online
[11/12/17, 11:42:50:069] info: Main window finished load. Launched on login: false
[11/12/17, 11:42:50:071] info: Store: APP_STARTED
[11/12/17, 11:42:56:527] info: Store: SELECT_CHANNEL C7X8L7EAZ
[11/12/17, 11:42:56:539] info: Store: UPDATE_TEAM_LOCALE
{ locale: 'en-US' }
[11/12/17, 11:42:56:593] info: Store: SELECT_CHANNEL C7WEPD5KJ
[11/12/17, 11:42:56:598] info: Store: UPDATE_TEAM_LOCALE
{ locale: 'en-US' }
[11/12/17, 11:42:57:524] info: Store: page-loaded
[11/12/17, 11:42:57:759] info: Store: UPDATE_TEAM_ICONS
{ icons: false, teamId: 'T7WJRAJ1X' }
[11/12/17, 11:42:57:852] info: Store: page-loaded
[11/12/17, 11:42:57:900] info: Store: UPDATE_TEAM_LOCALE
{ locale: 'en-US', teamId: 'T7WJRAJ1X' }
[11/12/17, 11:42:57:956] info: Store: webapp-loaded
[11/12/17, 11:42:58:049] info: Store: [7] Store an API token for a team
[11/12/17, 11:42:58:084] info: Store: UPDATE_TEAM_THEME
{ theme: 
   { column_bg: '#4D394B',
     menu_bg: '#3E313C',
     active_item: '#4C9689',
     active_item_text: '#FFFFFF',
     hover_item: '#3E313C',
     text_color: '#FFFFFF',
     active_presence: '#38978D',
     badge: '#EB4D5C' },
  teamId: 'T7WJRAJ1X' }
[11/12/17, 11:42:58:572] info: Store: UPDATE_TEAM_ICONS
{ icons: false, teamId: 'T7X26V3D1' }
[11/12/17, 11:42:58:813] info: Store: UPDATE_TEAM_LOCALE
{ locale: 'en-US', teamId: 'T7X26V3D1' }
[11/12/17, 11:42:58:865] info: Store: webapp-loaded
[11/12/17, 11:42:59:195] info: Store: [7] Store an API token for a team
[11/12/17, 11:42:59:223] info: Store: UPDATE_TEAM_THEME
{ theme: 
   { column_bg: '#4D394B',
     menu_bg: '#3E313C',
     active_item: '#4C9689',
     active_item_text: '#FFFFFF',
     hover_item: '#3E313C',
     text_color: '#FFFFFF',
     active_presence: '#38978D',
     badge: '#EB4D5C' },
  teamId: 'T7X26V3D1' }
[11/12/17, 13:11:39:528] info: Store: NEW_NOTIFICATION
{ id: '8EGMFjhMrz4VwwA',
  title: '[REDACTED]',
  subtitle: '[REDACTED]',
  content: '[REDACTED]',
  launchUri: 'slack://channel?id=C7X8L7EAZ&message=1510510299.000023&team=T7X26V3D1',
  imageUri: null,
  channel: 'C7X8L7EAZ',
  msg: '1510510299.000023',
  avatarImage: 'https://ca.slack-edge.com/T7X26V3D1-U7WNK4JDP-g73ddaced9b7-512',
  teamId: 'T7X26V3D1' }
[11/12/17, 13:21:14:088] info: Store: SAVE_WINDOW_SETTINGS
{ position: [ 196, 24 ], size: [ 1024, 744 ], isMaximized: true }
[11/12/17, 14:00:17:217] info: Store: FOREGROUND_APP
[11/12/17, 14:00:18:233] info: Store: FOREGROUND_APP
[11/12/17, 14:00:22:073] info: Store: SELECT_CHANNEL C7X4EG7DY
[11/12/17, 14:00:22:829] info: Store: SELECT_CHANNEL C7X8L7EAZ
[11/12/17, 14:10:47:138] info: Store: SELECT_CHANNEL D7WNK4R89
[11/12/17, 14:14:15:511] info: Store: SELECT_CHANNEL C7X4EG7DY
[11/12/17, 14:14:16:048] info: Store: SELECT_CHANNEL C7X8L7EAZ
[11/12/17, 14:21:00:935] info: Store: SELECT_CHANNEL D7WNK4R89
[11/12/17, 14:27:22:077] info: Store: SELECT_CHANNEL C7X8L7EAZ
[11/12/17, 14:43:45:744] info: Store: QUIT_APP
[11/12/17, 14:43:45:753] info: Allowing window close because user chose to quit
[11/12/17, 14:43:45:762] info: App: Disposing application
[11/12/17, 14:43:45:765] info: Store: REMOVE_WINDOW 1
[11/12/17, 14:43:45:798] info: Store: UPDATE_TEAM_USAGE
{ T7X26V3D1: 10855748 }
[11/13/17, 16:30:48:298] info: ╔═════════════════════════════════════════════════════════════════════════╗
[11/13/17, 16:30:48:301] info: ║      Slack 2.8.0, linux 4.13.9-ck on x64 at 11/13/17, 16:30:48:289      ║
[11/13/17, 16:30:48:302] info: ╚═════════════════════════════════════════════════════════════════════════╝
[11/13/17, 16:30:48:681] info: Initializing local storage instance at path: /home/kronos/.config/Slack/local-settings.json
[11/13/17, 16:30:49:151] info: TraceRecorder: setting up trace recorder, trace will be stored under /home/kronos/.config/Slack/logs/recorded-trace
[11/13/17, 16:30:49:416] info: BrowserStore: Keychain access previously denied, don't ask again
[11/13/17, 16:30:49:458] info: Store: persist/REHYDRATE
[11/13/17, 16:30:49:486] error: Couldn't get Linux distro info
{ message: '',
  stack: 'Error\n    at /opt/slack/resources/app.asar/src/browser/main.ts:293:23\n    at Generator.next (<anonymous>)\n    at fulfilled (/opt/slack/resources/app.asar/node_modules/tslib/tslib.js:93:62)' }
[11/13/17, 16:30:49:642] info: Store: UPDATE_SETTINGS
{ isDevMode: false,
  appVersion: '2.8.0',
  versionName: 'Zero',
  devEnv: null,
  resourcePath: '/opt/slack/resources/app.asar',
  launchedWithLink: null,
  webappSrcPath: null,
  webappParams: null,
  launchOnStartup: false,
  releaseChannel: 'prod',
  openDevToolsOnStart: false,
  logFile: null,
  pretendNotReallyWindows10: false,
  isAeroGlassEnabled: false,
  platformVersion: { major: 4, minor: 13, build: 9 },
  isTitleBarHidden: false,
  linux: { os: '', release: '', desktopEnvironment: '' } }
[11/13/17, 16:30:49:662] info: Store: ADD_WINDOW
{ id: 1, type: 'MAIN' }
[11/13/17, 16:30:49:669] info: Loading windowMetrics
{ position: [ 196, 24 ], size: [ 1024, 744 ], isMaximized: true }
[11/13/17, 16:30:49:698] info: App: Welcome to Slack 2.8.0 x64
[11/13/17, 16:30:49:700] info: App load time: 1712ms
[11/13/17, 16:30:49:702] info: Store: SET_FULL_SCREEN
[11/13/17, 16:30:50:007] info: Store: SET_FULL_SCREEN
[11/13/17, 16:30:50:123] info: Store: SET_FULL_SCREEN
[11/13/17, 16:30:50:126] info: Store: SET_FULL_SCREEN
[11/13/17, 16:30:50:128] info: Store: SET_FULL_SCREEN
[11/13/17, 16:30:50:132] info: Store: SET_FULL_SCREEN
[11/13/17, 16:30:50:134] info: Store: SET_FULL_SCREEN
[11/13/17, 16:30:51:137] info: Store: SAVE_WINDOW_SETTINGS
{ position: [ 196, 24 ], size: [ 1024, 744 ], isMaximized: true }
[11/13/17, 16:30:51:402] info: Store: SET_NETWORK_STATUS online
[11/13/17, 16:30:51:424] info: Main window finished load. Launched on login: false
[11/13/17, 16:30:51:426] info: Store: APP_STARTED
[11/13/17, 16:30:58:316] info: Store: SELECT_CHANNEL C7X8L7EAZ
[11/13/17, 16:30:58:330] info: Store: SELECT_CHANNEL C7WEPD5KJ
[11/13/17, 16:30:58:335] info: Store: UPDATE_TEAM_LOCALE
{ locale: 'en-US' }
[11/13/17, 16:30:58:389] info: Store: UPDATE_TEAM_LOCALE
{ locale: 'en-US' }
[11/13/17, 16:30:59:264] info: Store: page-loaded
[11/13/17, 16:30:59:487] info: Store: UPDATE_TEAM_ICONS
{ icons: false, teamId: 'T7WJRAJ1X' }
[11/13/17, 16:30:59:602] info: Store: UPDATE_TEAM_LOCALE
{ locale: 'en-US', teamId: 'T7WJRAJ1X' }
[11/13/17, 16:30:59:704] info: Store: webapp-loaded
[11/13/17, 16:30:59:760] info: Store: page-loaded
[11/13/17, 16:30:59:939] info: Store: UPDATE_TEAM_THEME
{ theme: 
   { column_bg: '#4D394B',
     menu_bg: '#3E313C',
     active_item: '#4C9689',
     active_item_text: '#FFFFFF',
     hover_item: '#3E313C',
     text_color: '#FFFFFF',
     active_presence: '#38978D',
     badge: '#EB4D5C' },
  teamId: 'T7WJRAJ1X' }
[11/13/17, 16:31:00:011] info: Store: [7] Store an API token for a team
[11/13/17, 16:31:00:173] info: Store: UPDATE_TEAM_ICONS
{ icons: false, teamId: 'T7X26V3D1' }
[11/13/17, 16:31:00:424] info: Store: UPDATE_TEAM_LOCALE
{ locale: 'en-US', teamId: 'T7X26V3D1' }
[11/13/17, 16:31:00:476] info: Store: webapp-loaded
[11/13/17, 16:31:00:610] info: Store: [7] Store an API token for a team
[11/13/17, 16:31:00:674] info: Store: UPDATE_TEAM_THEME
{ theme: 
   { column_bg: '#4D394B',
     menu_bg: '#3E313C',
     active_item: '#4C9689',
     active_item_text: '#FFFFFF',
     hover_item: '#3E313C',
     text_color: '#FFFFFF',
     active_presence: '#38978D',
     badge: '#EB4D5C' },
  teamId: 'T7X26V3D1' }
[11/13/17, 16:31:13:828] info: Attempted to close the window, hiding due to run from tray
[11/13/17, 16:31:14:836] info: Store: SAVE_WINDOW_SETTINGS
{ size: [ 1316, 744 ], position: [ 50, 24 ], isMaximized: false }
[11/13/17, 16:33:13:542] info: Store: QUIT_APP
[11/13/17, 16:33:13:548] info: Allowing window close because user chose to quit
[11/13/17, 16:33:13:553] info: App: Disposing application
[11/13/17, 16:33:13:554] info: Store: REMOVE_WINDOW 1
[11/13/17, 16:33:13:577] info: Store: UPDATE_TEAM_USAGE
{ T7X26V3D1: 142173 }
[11/15/17, 13:58:17:713] info: ╔═════════════════════════════════════════════════════════════════════════╗
[11/15/17, 13:58:17:715] info: ║      Slack 2.8.0, linux 4.13.9-ck on x64 at 11/15/17, 13:58:17:703      ║
[11/15/17, 13:58:17:716] info: ╚═════════════════════════════════════════════════════════════════════════╝
[11/15/17, 13:58:18:089] info: Initializing local storage instance at path: /home/kronos/.config/Slack/local-settings.json
[11/15/17, 13:58:18:520] info: TraceRecorder: setting up trace recorder, trace will be stored under /home/kronos/.config/Slack/logs/recorded-trace
[11/15/17, 13:58:18:791] info: BrowserStore: Keychain access previously denied, don't ask again
[11/15/17, 13:58:18:804] info: Store: persist/REHYDRATE
[11/15/17, 13:58:18:832] error: Couldn't get Linux distro info
{ message: '',
  stack: 'Error\n    at /opt/slack/resources/app.asar/src/browser/main.ts:293:23\n    at Generator.next (<anonymous>)\n    at fulfilled (/opt/slack/resources/app.asar/node_modules/tslib/tslib.js:93:62)' }
[11/15/17, 13:58:18:967] info: Store: UPDATE_SETTINGS
{ isDevMode: false,
  appVersion: '2.8.0',
  versionName: 'Zero',
  devEnv: null,
  resourcePath: '/opt/slack/resources/app.asar',
  launchedWithLink: null,
  webappSrcPath: null,
  webappParams: null,
  launchOnStartup: false,
  releaseChannel: 'prod',
  openDevToolsOnStart: false,
  logFile: null,
  pretendNotReallyWindows10: false,
  isAeroGlassEnabled: false,
  platformVersion: { major: 4, minor: 13, build: 9 },
  isTitleBarHidden: false,
  linux: { os: '', release: '', desktopEnvironment: '' } }
[11/15/17, 13:58:18:988] info: Store: ADD_WINDOW
{ id: 1, type: 'MAIN' }
[11/15/17, 13:58:18:995] info: Loading windowMetrics
{ size: [ 1316, 744 ], position: [ 50, 24 ], isMaximized: false }
[11/15/17, 13:58:19:024] info: App: Welcome to Slack 2.8.0 x64
[11/15/17, 13:58:19:025] info: App load time: 1625ms
[11/15/17, 13:58:19:027] info: Store: SET_FULL_SCREEN
[11/15/17, 13:58:20:768] info: Store: SET_NETWORK_STATUS online
[11/15/17, 13:58:20:789] info: Main window finished load. Launched on login: false
[11/15/17, 13:58:20:865] info: Store: APP_STARTED
[11/15/17, 13:58:20:871] info: Store: SET_FULL_SCREEN
[11/15/17, 13:58:20:932] info: Store: SET_FULL_SCREEN
[11/15/17, 13:58:20:938] info: Store: SET_FULL_SCREEN
[11/15/17, 13:58:20:942] info: Store: SET_FULL_SCREEN
[11/15/17, 13:58:20:951] info: Store: SET_FULL_SCREEN
[11/15/17, 13:58:21:938] info: Store: SAVE_WINDOW_SETTINGS
{ position: [ 196, 24 ], size: [ 1024, 744 ], isMaximized: true }
[11/15/17, 13:58:27:905] info: Store: SELECT_CHANNEL C7WEPD5KJ
[11/15/17, 13:58:27:921] info: Store: UPDATE_TEAM_LOCALE
{ locale: 'en-US' }
[11/15/17, 13:58:27:993] info: Store: SELECT_CHANNEL C7X8L7EAZ
[11/15/17, 13:58:27:996] info: Store: UPDATE_TEAM_LOCALE
{ locale: 'en-US' }
[11/15/17, 13:58:28:810] info: Store: page-loaded
[11/15/17, 13:58:29:006] info: Store: UPDATE_TEAM_ICONS
{ icons: false, teamId: 'T7WJRAJ1X' }
[11/15/17, 13:58:29:111] info: Store: UPDATE_TEAM_LOCALE
{ locale: 'en-US', teamId: 'T7WJRAJ1X' }
[11/15/17, 13:58:29:147] info: Store: webapp-loaded
[11/15/17, 13:58:29:239] info: Store: [7] Store an API token for a team
[11/15/17, 13:58:29:318] info: Store: page-loaded
[11/15/17, 13:58:29:419] info: Store: UPDATE_TEAM_THEME
{ theme: 
   { column_bg: '#4D394B',
     menu_bg: '#3E313C',
     active_item: '#4C9689',
     active_item_text: '#FFFFFF',
     hover_item: '#3E313C',
     text_color: '#FFFFFF',
     active_presence: '#38978D',
     badge: '#EB4D5C' },
  teamId: 'T7WJRAJ1X' }
[11/15/17, 13:58:29:829] info: Store: UPDATE_TEAM_ICONS
{ icons: false, teamId: 'T7X26V3D1' }
[11/15/17, 13:58:30:181] info: Store: UPDATE_TEAM_LOCALE
{ locale: 'en-US', teamId: 'T7X26V3D1' }
[11/15/17, 13:58:30:236] info: Store: webapp-loaded
[11/15/17, 13:58:30:260] info: Store: UPDATE_TEAM_THEME
{ theme: 
   { column_bg: '#4D394B',
     menu_bg: '#3E313C',
     active_item: '#4C9689',
     active_item_text: '#FFFFFF',
     hover_item: '#3E313C',
     text_color: '#FFFFFF',
     active_presence: '#38978D',
     badge: '#EB4D5C' },
  teamId: 'T7X26V3D1' }
[11/15/17, 13:58:30:436] info: Store: [7] Store an API token for a team
[11/15/17, 14:00:30:822] info: Store: SELECT_CHANNEL D7WESPU9E
[11/15/17, 14:00:53:692] info: Store: NEW_NOTIFICATION
{ id: 'Bg4MIVhj5rln4Eo',
  title: '[REDACTED]',
  subtitle: '[REDACTED]',
  content: '[REDACTED]',
  launchUri: 'slack://channel?id=C7X8L7EAZ&message=1510772452.000700&team=T7X26V3D1',
  imageUri: null,
  channel: 'C7X8L7EAZ',
  msg: '1510772452.000700',
  avatarImage: 'https://ca.slack-edge.com/T7X26V3D1-U7WJUM1T3-g58b660f5649-512',
  teamId: 'T7X26V3D1' }
[11/15/17, 14:00:56:561] info: Store: SELECT_CHANNEL C7X4EG7DY
[11/15/17, 14:00:57:209] info: Store: SELECT_CHANNEL C7X8L7EAZ
[11/15/17, 14:21:32:870] info: Store: UPDATE_TEAM_ICONS
{ icons: false, teamId: 'T7X26V3D1' }
[11/15/17, 14:21:33:166] info: Store: UPDATE_TEAM_LOCALE
{ locale: 'en-US', teamId: 'T7X26V3D1' }
[11/15/17, 14:21:34:459] info: Store: UPDATE_TEAM_ICONS
{ icons: false, teamId: 'T7WJRAJ1X' }
[11/15/17, 14:21:34:593] info: Store: UPDATE_TEAM_LOCALE
{ locale: 'en-US', teamId: 'T7WJRAJ1X' }
[11/15/17, 14:52:57:679] info: Store: QUIT_APP
[11/15/17, 14:52:57:686] info: Allowing window close because user chose to quit
[11/15/17, 14:52:57:692] info: App: Disposing application
[11/15/17, 14:52:57:694] info: Store: REMOVE_WINDOW 1
[11/15/17, 14:52:57:721] info: Store: UPDATE_TEAM_USAGE
{ T7X26V3D1: 3276950 }
[11/17/17, 09:34:17:630] info: ╔═════════════════════════════════════════════════════════════════════════╗
[11/17/17, 09:34:17:632] info: ║      Slack 2.8.0, linux 4.13.9-ck on x64 at 11/17/17, 09:34:17:620      ║
[11/17/17, 09:34:17:634] info: ╚═════════════════════════════════════════════════════════════════════════╝
[11/17/17, 09:34:18:187] info: Initializing local storage instance at path: /home/kronos/.config/Slack/local-settings.json
[11/17/17, 09:34:18:671] info: TraceRecorder: setting up trace recorder, trace will be stored under /home/kronos/.config/Slack/logs/recorded-trace
[11/17/17, 09:34:18:979] info: BrowserStore: Keychain access previously denied, don't ask again
[11/17/17, 09:34:18:993] info: Store: persist/REHYDRATE
[11/17/17, 09:34:19:032] error: Couldn't get Linux distro info
{ message: '',
  stack: 'Error\n    at /opt/slack/resources/app.asar/src/browser/main.ts:293:23\n    at Generator.next (<anonymous>)\n    at fulfilled (/opt/slack/resources/app.asar/node_modules/tslib/tslib.js:93:62)' }
[11/17/17, 09:34:19:231] info: Store: UPDATE_SETTINGS
{ isDevMode: false,
  appVersion: '2.8.0',
  versionName: 'Zero',
  devEnv: null,
  resourcePath: '/opt/slack/resources/app.asar',
  launchedWithLink: null,
  webappSrcPath: null,
  webappParams: null,
  launchOnStartup: false,
  releaseChannel: 'prod',
  openDevToolsOnStart: false,
  logFile: null,
  pretendNotReallyWindows10: false,
  isAeroGlassEnabled: false,
  platformVersion: { major: 4, minor: 13, build: 9 },
  isTitleBarHidden: false,
  linux: { os: '', release: '', desktopEnvironment: '' } }
[11/17/17, 09:34:19:254] info: Store: ADD_WINDOW
{ id: 1, type: 'MAIN' }
[11/17/17, 09:34:19:261] info: Loading windowMetrics
{ position: [ 196, 24 ], size: [ 1024, 744 ], isMaximized: true }
[11/17/17, 09:34:19:296] info: App: Welcome to Slack 2.8.0 x64
[11/17/17, 09:34:19:297] info: App load time: 2117ms
[11/17/17, 09:34:19:299] info: Store: SET_FULL_SCREEN
[11/17/17, 09:34:19:697] info: Store: SET_FULL_SCREEN
[11/17/17, 09:34:19:707] info: Store: SET_FULL_SCREEN
[11/17/17, 09:34:19:725] info: Store: SET_FULL_SCREEN
[11/17/17, 09:34:19:738] info: Store: SET_FULL_SCREEN
[11/17/17, 09:34:19:751] info: Store: SET_FULL_SCREEN
[11/17/17, 09:34:19:754] info: Store: SET_FULL_SCREEN
[11/17/17, 09:34:21:131] info: Store: SAVE_WINDOW_SETTINGS
{ position: [ 196, 24 ], size: [ 1024, 744 ], isMaximized: true }
[11/17/17, 09:34:23:071] info: Store: SET_NETWORK_STATUS online
[11/17/17, 09:34:23:101] info: Main window finished load. Launched on login: false
[11/17/17, 09:34:23:103] info: Store: APP_STARTED
[11/17/17, 09:34:30:795] info: Store: SELECT_CHANNEL C7X8L7EAZ
[11/17/17, 09:34:30:822] info: Store: UPDATE_TEAM_LOCALE
{ locale: 'en-US' }
[11/17/17, 09:34:30:944] info: Store: SELECT_CHANNEL C7WEPD5KJ
[11/17/17, 09:34:30:948] info: Store: UPDATE_TEAM_LOCALE
{ locale: 'en-US' }
[11/17/17, 09:34:32:092] info: Store: page-loaded
[11/17/17, 09:34:32:368] info: Store: UPDATE_TEAM_ICONS
{ icons: false, teamId: 'T7WJRAJ1X' }
[11/17/17, 09:34:32:524] info: Store: UPDATE_TEAM_LOCALE
{ locale: 'en-US', teamId: 'T7WJRAJ1X' }
[11/17/17, 09:34:32:785] info: Store: webapp-loaded
[11/17/17, 09:34:32:814] info: Store: UPDATE_TEAM_THEME
{ theme: 
   { column_bg: '#4D394B',
     menu_bg: '#3E313C',
     active_item: '#4C9689',
     active_item_text: '#FFFFFF',
     hover_item: '#3E313C',
     text_color: '#FFFFFF',
     active_presence: '#38978D',
     badge: '#EB4D5C' },
  teamId: 'T7WJRAJ1X' }
[11/17/17, 09:34:32:875] info: Store: page-loaded
[11/17/17, 09:34:32:930] info: Store: [7] Store an API token for a team
[11/17/17, 09:34:33:607] info: Store: UPDATE_TEAM_LOCALE
{ locale: 'en-US' }
[11/17/17, 09:34:33:641] info: Store: webapp-loaded
[11/17/17, 09:34:33:924] info: Store: [7] Store an API token for a team
[11/17/17, 09:34:34:108] info: Store: UPDATE_TEAM_THEME
{ theme: 
   { column_bg: '#4D394B',
     menu_bg: '#3E313C',
     active_item: '#4C9689',
     active_item_text: '#FFFFFF',
     hover_item: '#3E313C',
     text_color: '#FFFFFF',
     active_presence: '#38978D',
     badge: '#EB4D5C' },
  teamId: 'T7X26V3D1' }
[11/17/17, 09:34:34:182] info: Store: UPDATE_TEAM_ICONS
{ icons: false, teamId: 'T7X26V3D1' }
[11/17/17, 09:37:10:943] info: Store: QUIT_APP
[11/17/17, 09:37:10:948] info: Allowing window close because user chose to quit
[11/17/17, 09:37:10:953] info: App: Disposing application
[11/17/17, 09:37:10:955] info: Store: REMOVE_WINDOW 1
[11/17/17, 09:37:10:987] info: Store: UPDATE_TEAM_USAGE
{ T7X26V3D1: 167914 }
[11/17/17, 10:13:47:454] info: ╔═════════════════════════════════════════════════════════════════════════╗
[11/17/17, 10:13:47:456] info: ║      Slack 2.8.0, linux 4.13.9-ck on x64 at 11/17/17, 10:13:47:441      ║
[11/17/17, 10:13:47:457] info: ╚═════════════════════════════════════════════════════════════════════════╝
[11/17/17, 10:13:47:859] info: Initializing local storage instance at path: /home/kronos/.config/Slack/local-settings.json
[11/17/17, 10:13:48:325] info: TraceRecorder: setting up trace recorder, trace will be stored under /home/kronos/.config/Slack/logs/recorded-trace
[11/17/17, 10:13:48:593] info: BrowserStore: Keychain access previously denied, don't ask again
[11/17/17, 10:13:48:645] info: Store: persist/REHYDRATE
[11/17/17, 10:13:48:675] error: Couldn't get Linux distro info
{ message: '',
  stack: 'Error\n    at /opt/slack/resources/app.asar/src/browser/main.ts:293:23\n    at Generator.next (<anonymous>)\n    at fulfilled (/opt/slack/resources/app.asar/node_modules/tslib/tslib.js:93:62)' }
[11/17/17, 10:13:48:827] info: Store: UPDATE_SETTINGS
{ isDevMode: false,
  appVersion: '2.8.0',
  versionName: 'Zero',
  devEnv: null,
  resourcePath: '/opt/slack/resources/app.asar',
  launchedWithLink: null,
  webappSrcPath: null,
  webappParams: null,
  launchOnStartup: false,
  releaseChannel: 'prod',
  openDevToolsOnStart: false,
  logFile: null,
  pretendNotReallyWindows10: false,
  isAeroGlassEnabled: false,
  platformVersion: { major: 4, minor: 13, build: 9 },
  isTitleBarHidden: false,
  linux: { os: '', release: '', desktopEnvironment: '' } }
[11/17/17, 10:13:48:848] info: Store: ADD_WINDOW
{ id: 1, type: 'MAIN' }
[11/17/17, 10:13:48:855] info: Loading windowMetrics
{ position: [ 196, 24 ], size: [ 1024, 744 ], isMaximized: true }
[11/17/17, 10:13:48:886] info: App: Welcome to Slack 2.8.0 x64
[11/17/17, 10:13:48:887] info: App load time: 1749ms
[11/17/17, 10:13:48:889] info: Store: SET_FULL_SCREEN
[11/17/17, 10:13:49:169] info: Store: SET_FULL_SCREEN
[11/17/17, 10:13:49:213] info: Store: SET_FULL_SCREEN
[11/17/17, 10:13:49:235] info: Store: SET_FULL_SCREEN
[11/17/17, 10:13:49:239] info: Store: SET_FULL_SCREEN
[11/17/17, 10:13:49:243] info: Store: SET_FULL_SCREEN
[11/17/17, 10:13:49:246] info: Store: SET_FULL_SCREEN
[11/17/17, 10:13:50:250] info: Store: SAVE_WINDOW_SETTINGS
{ position: [ 196, 24 ], size: [ 1024, 744 ], isMaximized: true }
[11/17/17, 10:13:50:579] info: Store: SET_NETWORK_STATUS online
[11/17/17, 10:13:50:603] info: Main window finished load. Launched on login: false
[11/17/17, 10:13:50:605] info: Store: APP_STARTED
[11/17/17, 10:13:57:382] info: Store: SELECT_CHANNEL C7WEPD5KJ
[11/17/17, 10:13:57:388] info: Store: SELECT_CHANNEL C7X8L7EAZ
[11/17/17, 10:13:57:399] info: Store: UPDATE_TEAM_LOCALE
{ locale: 'en-US' }
[11/17/17, 10:13:57:452] info: Store: UPDATE_TEAM_LOCALE
{ locale: 'en-US' }
[11/17/17, 10:13:58:331] info: Store: page-loaded
[11/17/17, 10:13:58:545] info: Store: UPDATE_TEAM_ICONS
{ icons: false, teamId: 'T7WJRAJ1X' }
[11/17/17, 10:13:58:685] info: Store: UPDATE_TEAM_LOCALE
{ locale: 'en-US', teamId: 'T7WJRAJ1X' }
[11/17/17, 10:13:58:726] info: Store: webapp-loaded
[11/17/17, 10:13:58:802] info: Store: [7] Store an API token for a team
[11/17/17, 10:13:58:906] info: Store: page-loaded
[11/17/17, 10:13:58:957] info: Store: UPDATE_TEAM_THEME
{ theme: 
   { column_bg: '#4D394B',
     menu_bg: '#3E313C',
     active_item: '#4C9689',
     active_item_text: '#FFFFFF',
     hover_item: '#3E313C',
     text_color: '#FFFFFF',
     active_presence: '#38978D',
     badge: '#EB4D5C' },
  teamId: 'T7WJRAJ1X' }
[11/17/17, 10:13:59:390] info: Store: UPDATE_TEAM_ICONS
{ icons: false, teamId: 'T7X26V3D1' }
[11/17/17, 10:13:59:715] info: Store: UPDATE_TEAM_LOCALE
{ locale: 'en-US', teamId: 'T7X26V3D1' }
[11/17/17, 10:13:59:759] info: Store: webapp-loaded
[11/17/17, 10:13:59:918] info: Store: [7] Store an API token for a team
[11/17/17, 10:14:00:038] info: Store: UPDATE_TEAM_THEME
{ theme: 
   { column_bg: '#4D394B',
     menu_bg: '#3E313C',
     active_item: '#4C9689',
     active_item_text: '#FFFFFF',
     hover_item: '#3E313C',
     text_color: '#FFFFFF',
     active_presence: '#38978D',
     badge: '#EB4D5C' },
  teamId: 'T7X26V3D1' }
[11/17/17, 11:27:48:852] info: Store: SET_FULL_SCREEN
[11/17/17, 11:27:48:865] info: Store: SET_FULL_SCREEN
[11/17/17, 11:27:49:048] info: Store: SET_FULL_SCREEN
