[11/15/17, 13:58:19:849] info: ╔═════════════════════════════════════════════════════════════════════════╗
[11/15/17, 13:58:19:851] info: ║      Slack 2.8.0, linux 4.13.9-ck on x64 at 11/15/17, 13:58:19:840      ║
[11/15/17, 13:58:19:852] info: ╚═════════════════════════════════════════════════════════════════════════╝
[11/15/17, 13:58:20:124] info: Initializing local storage instance at path: /home/kronos/.config/Slack/local-settings.json
[11/15/17, 13:58:20:750] info: WebViewLifeCycle: Creating subscribable lifecycle object
{ objectId: 'T7X26V3D1', assignedId: 1 }
[11/15/17, 13:58:20:752] info: WebView LifeCycle: New webview component created for T7X26V3D1:1', with state 'unloaded'
[11/15/17, 13:58:20:755] info: WebViewLifeCycle: Creating subscribable lifecycle object
{ objectId: 'T7WJRAJ1X', assignedId: 2 }
[11/15/17, 13:58:20:756] info: WebView LifeCycle: New webview component created for T7WJRAJ1X:2', with state 'unloaded'
[11/15/17, 13:58:20:762] info: TeamsDisplay: T7X26V3D1 usage: 47289561
[11/15/17, 13:58:20:763] info: TeamsDisplay: T7WJRAJ1X usage: 0
[11/15/17, 13:58:20:766] info: Store: SET_NETWORK_STATUS online
[11/15/17, 13:58:20:905] info: Checking network connection to Slack...
[11/15/17, 13:58:20:917] info: Store: APP_STARTED
{ updated: { events: { eventId: 1 } } }
[11/15/17, 13:58:21:941] info: Store: SAVE_WINDOW_SETTINGS
{ updated: { windowFrame: { windowSettings: [Object] } } }
[11/15/17, 13:58:27:908] info: Store: SELECT_CHANNEL
{ updated: { appTeams: { selectedChannelId: 'C7WEPD5KJ' } } }
[11/15/17, 13:58:27:995] info: Store: SELECT_CHANNEL
{ updated: { appTeams: { selectedChannelId: 'C7X8L7EAZ' } } }
[11/15/17, 13:58:28:795] info: WebViewLifeCycle: State changed
{ id: 'T7WJRAJ1X',
  componentId: 2,
  newState: 'page-loaded',
  data: null }
[11/15/17, 13:58:28:798] info: Store: page-loaded
[11/15/17, 13:58:29:140] info: Webapp finished loading
[11/15/17, 13:58:29:142] info: WebViewLifeCycle: State changed
{ id: 'T7WJRAJ1X',
  componentId: 2,
  newState: 'webapp-loaded',
  data: null }
[11/15/17, 13:58:29:144] info: Store: webapp-loaded
[11/15/17, 13:58:29:249] info: Store: [7] Store an API token for a team
{ updated: { tokens: { T7WJRAJ1X: [Object] } } }
[11/15/17, 13:58:29:287] info: TeamView: Bugsnag user: U7Y0WC3QE
[11/15/17, 13:58:29:309] info: WebViewLifeCycle: State changed
{ id: 'T7X26V3D1',
  componentId: 1,
  newState: 'page-loaded',
  data: null }
[11/15/17, 13:58:29:314] info: Store: page-loaded
[11/15/17, 13:58:30:192] info: Webapp finished loading
[11/15/17, 13:58:30:196] info: WebViewLifeCycle: State changed
{ id: 'T7X26V3D1',
  componentId: 1,
  newState: 'webapp-loaded',
  data: null }
[11/15/17, 13:58:30:198] info: Store: webapp-loaded
[11/15/17, 13:58:30:439] info: Store: [7] Store an API token for a team
{ updated: { tokens: { T7X26V3D1: [Object] } } }
[11/15/17, 14:00:30:828] info: Store: SELECT_CHANNEL
{ updated: { appTeams: { selectedChannelId: 'D7WESPU9E' } } }
[11/15/17, 14:00:53:697] info: Store: NEW_NOTIFICATION
{ updated: { notifications: { notifications: [Object], newNotification: [Object] } },
  deleted: {} }
[11/15/17, 14:00:53:706] info: Creating new window notification.
[11/15/17, 14:00:56:564] info: Store: SELECT_CHANNEL
{ updated: { appTeams: { selectedChannelId: 'C7X4EG7DY' } } }
[11/15/17, 14:00:57:212] info: Store: SELECT_CHANNEL
{ updated: { appTeams: { selectedChannelId: 'C7X8L7EAZ' } } }
[11/15/17, 14:52:57:683] info: Store: QUIT_APP
{ updated: { events: { eventId: 20 } } }
[11/15/17, 14:52:57:697] info: Store: REMOVE_WINDOW
{ updated: {} }
[11/15/17, 14:52:57:716] info: TeamsDisplay: Team T7X26V3D1 was active for 3276950ms
[11/15/17, 14:52:57:718] info: Store: UPDATE_TEAM_USAGE
{ T7X26V3D1: 3276950 }
[11/15/17, 14:52:57:722] info: WebViewLifeCycle: State changed
{ id: 'T7X26V3D1',
  componentId: 1,
  newState: 'component-disposed',
  data: null }
[11/15/17, 14:52:57:725] info: WebViewLifeCycle: Removing lifecycle object from storage
{ componentId: 1, id: 'T7X26V3D1' }
[11/15/17, 14:52:57:730] info: WebViewLifeCycle: State changed
{ id: 'T7WJRAJ1X',
  componentId: 2,
  newState: 'component-disposed',
  data: null }
[11/15/17, 14:52:57:732] info: WebViewLifeCycle: Removing lifecycle object from storage
{ componentId: 2, id: 'T7WJRAJ1X' }
[11/15/17, 14:52:58:310] info: Store: UPDATE_TEAM_USAGE
{ updated: { teams: { T7X26V3D1: [Object] } } }
