[11/13/17, 16:30:50:516] info: ╔═════════════════════════════════════════════════════════════════════════╗
[11/13/17, 16:30:50:518] info: ║      Slack 2.8.0, linux 4.13.9-ck on x64 at 11/13/17, 16:30:50:507      ║
[11/13/17, 16:30:50:518] info: ╚═════════════════════════════════════════════════════════════════════════╝
[11/13/17, 16:30:50:771] info: Initializing local storage instance at path: /home/kronos/.config/Slack/local-settings.json
[11/13/17, 16:30:51:384] info: WebViewLifeCycle: Creating subscribable lifecycle object
{ objectId: 'T7X26V3D1', assignedId: 1 }
[11/13/17, 16:30:51:386] info: WebView LifeCycle: New webview component created for T7X26V3D1:1', with state 'unloaded'
[11/13/17, 16:30:51:389] info: WebViewLifeCycle: Creating subscribable lifecycle object
{ objectId: 'T7WJRAJ1X', assignedId: 2 }
[11/13/17, 16:30:51:390] info: WebView LifeCycle: New webview component created for T7WJRAJ1X:2', with state 'unloaded'
[11/13/17, 16:30:51:396] info: TeamsDisplay: T7X26V3D1 usage: 47147388
[11/13/17, 16:30:51:397] info: TeamsDisplay: T7WJRAJ1X usage: 0
[11/13/17, 16:30:51:400] info: Store: SET_NETWORK_STATUS online
[11/13/17, 16:30:51:431] info: Store: SAVE_WINDOW_SETTINGS
{ updated: { windowFrame: { windowSettings: [Object] } } }
[11/13/17, 16:30:51:487] info: Store: APP_STARTED
{ updated: { events: { eventId: 2 } } }
[11/13/17, 16:30:51:503] info: Checking network connection to Slack...
[11/13/17, 16:30:58:319] info: Store: SELECT_CHANNEL
{ updated: { appTeams: { selectedChannelId: 'C7X8L7EAZ' } } }
[11/13/17, 16:30:58:338] info: Store: SELECT_CHANNEL
{ updated: { appTeams: { selectedChannelId: 'C7WEPD5KJ' } } }
[11/13/17, 16:30:59:249] info: WebViewLifeCycle: State changed
{ id: 'T7WJRAJ1X',
  componentId: 2,
  newState: 'page-loaded',
  data: null }
[11/13/17, 16:30:59:252] info: Store: page-loaded
[11/13/17, 16:30:59:694] info: Webapp finished loading
[11/13/17, 16:30:59:698] info: WebViewLifeCycle: State changed
{ id: 'T7WJRAJ1X',
  componentId: 2,
  newState: 'webapp-loaded',
  data: null }
[11/13/17, 16:30:59:701] info: Store: webapp-loaded
[11/13/17, 16:30:59:727] info: TeamView: Bugsnag user: U7Y0WC3QE
[11/13/17, 16:30:59:744] info: WebViewLifeCycle: State changed
{ id: 'T7X26V3D1',
  componentId: 1,
  newState: 'page-loaded',
  data: null }
[11/13/17, 16:30:59:746] info: Store: page-loaded
[11/13/17, 16:31:00:014] info: Store: [7] Store an API token for a team
{ updated: { tokens: { T7WJRAJ1X: [Object] } } }
[11/13/17, 16:31:00:469] info: Webapp finished loading
[11/13/17, 16:31:00:472] info: WebViewLifeCycle: State changed
{ id: 'T7X26V3D1',
  componentId: 1,
  newState: 'webapp-loaded',
  data: null }
[11/13/17, 16:31:00:474] info: Store: webapp-loaded
[11/13/17, 16:31:00:616] info: Store: [7] Store an API token for a team
{ updated: { tokens: { T7X26V3D1: [Object] } } }
[11/13/17, 16:31:14:839] info: Store: SAVE_WINDOW_SETTINGS
{ updated: { windowFrame: { windowSettings: [Object] } } }
[11/13/17, 16:33:13:545] info: Store: QUIT_APP
{ updated: { events: { eventId: 5 } } }
[11/13/17, 16:33:13:557] info: Store: REMOVE_WINDOW
{ updated: {} }
[11/13/17, 16:33:13:572] info: TeamsDisplay: Team T7X26V3D1 was active for 142173ms
[11/13/17, 16:33:13:573] info: Store: UPDATE_TEAM_USAGE
{ T7X26V3D1: 142173 }
[11/13/17, 16:33:13:577] info: WebViewLifeCycle: State changed
{ id: 'T7X26V3D1',
  componentId: 1,
  newState: 'component-disposed',
  data: null }
[11/13/17, 16:33:13:581] info: WebViewLifeCycle: Removing lifecycle object from storage
{ componentId: 1, id: 'T7X26V3D1' }
[11/13/17, 16:33:13:584] info: WebViewLifeCycle: State changed
{ id: 'T7WJRAJ1X',
  componentId: 2,
  newState: 'component-disposed',
  data: null }
[11/13/17, 16:33:13:585] info: WebViewLifeCycle: Removing lifecycle object from storage
{ componentId: 2, id: 'T7WJRAJ1X' }
[11/13/17, 16:33:13:633] info: Store: UPDATE_TEAM_USAGE
{ updated: { teams: { T7X26V3D1: [Object] } } }
