[11/10/17, 13:18:58:512] info: ╔═════════════════════════════════════════════════════════════════════════╗
[11/10/17, 13:18:58:515] info: ║      Slack 2.8.0, linux 4.13.9-ck on x64 at 11/10/17, 13:18:58:501      ║
[11/10/17, 13:18:58:517] info: ╚═════════════════════════════════════════════════════════════════════════╝
[11/10/17, 13:18:58:885] info: Initializing local storage instance at path: /home/kronos/.config/Slack/local-settings.json
[11/10/17, 13:18:59:634] info: WebViewLifeCycle: Creating subscribable lifecycle object
{ objectId: 'T7X26V3D1', assignedId: 1 }
[11/10/17, 13:18:59:637] info: WebView LifeCycle: New webview component created for T7X26V3D1:1', with state 'unloaded'
[11/10/17, 13:18:59:640] info: WebViewLifeCycle: Creating subscribable lifecycle object
{ objectId: 'T7WJRAJ1X', assignedId: 2 }
[11/10/17, 13:18:59:641] info: WebView LifeCycle: New webview component created for T7WJRAJ1X:2', with state 'unloaded'
[11/10/17, 13:18:59:649] info: TeamsDisplay: T7X26V3D1 usage: 0
[11/10/17, 13:18:59:651] info: TeamsDisplay: T7WJRAJ1X usage: 0
[11/10/17, 13:18:59:656] info: Store: SET_NETWORK_STATUS online
[11/10/17, 13:18:59:954] info: Checking network connection to Slack...
[11/10/17, 13:18:59:959] info: Store: APP_STARTED
{ updated: { events: { eventId: 1 } } }
[11/10/17, 13:19:00:858] info: Store: SAVE_WINDOW_SETTINGS
{ updated: { windowFrame: { windowSettings: [Object] } } }
[11/10/17, 13:19:06:609] info: Store: SELECT_CHANNEL
{ updated: { appTeams: { selectedChannelId: 'C7X8L7EAZ' } } }
[11/10/17, 13:19:06:688] info: Store: SELECT_CHANNEL
{ updated: { appTeams: { selectedChannelId: 'C7WEPD5KJ' } } }
[11/10/17, 13:19:07:606] info: WebViewLifeCycle: State changed
{ id: 'T7WJRAJ1X',
  componentId: 2,
  newState: 'page-loaded',
  data: null }
[11/10/17, 13:19:07:609] info: Store: page-loaded
[11/10/17, 13:19:08:051] info: TeamView: Bugsnag user: U7Y0WC3QE
[11/10/17, 13:19:08:073] info: WebViewLifeCycle: State changed
{ id: 'T7X26V3D1',
  componentId: 1,
  newState: 'page-loaded',
  data: null }
[11/10/17, 13:19:08:075] info: Store: page-loaded
[11/10/17, 13:19:08:084] info: Webapp finished loading
[11/10/17, 13:19:08:087] info: WebViewLifeCycle: State changed
{ id: 'T7WJRAJ1X',
  componentId: 2,
  newState: 'webapp-loaded',
  data: null }
[11/10/17, 13:19:08:089] info: Store: webapp-loaded
[11/10/17, 13:19:08:274] info: Store: [7] Store an API token for a team
{ updated: { tokens: { T7WJRAJ1X: [Object] } } }
[11/10/17, 13:19:09:117] info: Webapp finished loading
[11/10/17, 13:19:09:122] info: WebViewLifeCycle: State changed
{ id: 'T7X26V3D1',
  componentId: 1,
  newState: 'webapp-loaded',
  data: null }
[11/10/17, 13:19:09:124] info: Store: webapp-loaded
[11/10/17, 13:19:09:355] info: Store: [7] Store an API token for a team
{ updated: { tokens: { T7X26V3D1: [Object] } } }
[11/10/17, 13:27:08:281] info: Store: NEW_NOTIFICATION
{ updated: { notifications: { notifications: [Object], newNotification: [Object] } },
  deleted: {} }
[11/10/17, 13:27:08:285] info: Creating new window notification.
[11/10/17, 15:56:33:382] info: Store: SELECT_CHANNEL
{ updated: { appTeams: { selectedChannelId: 'D7WESPU9E' } } }
[11/10/17, 15:56:35:999] info: Store: SELECT_CHANNEL
{ updated: { appTeams: { selectedChannelId: 'C7X8L7EAZ' } } }
[11/10/17, 23:23:51:167] info: Store: QUIT_APP
{ updated: { events: { eventId: 15 } } }
[11/10/17, 23:23:51:263] info: Store: REMOVE_WINDOW
{ updated: {} }
[11/10/17, 23:23:51:293] info: TeamsDisplay: Team T7X26V3D1 was active for 36291640ms
[11/10/17, 23:23:51:294] info: Store: UPDATE_TEAM_USAGE
{ T7X26V3D1: 36291640 }
[11/10/17, 23:23:51:302] info: WebViewLifeCycle: State changed
{ id: 'T7X26V3D1',
  componentId: 1,
  newState: 'component-disposed',
  data: null }
[11/10/17, 23:23:51:304] info: WebViewLifeCycle: Removing lifecycle object from storage
{ componentId: 1, id: 'T7X26V3D1' }
[11/10/17, 23:23:51:305] info: WebViewLifeCycle: State changed
{ id: 'T7WJRAJ1X',
  componentId: 2,
  newState: 'component-disposed',
  data: null }
[11/10/17, 23:23:51:307] info: WebViewLifeCycle: Removing lifecycle object from storage
{ componentId: 2, id: 'T7WJRAJ1X' }
[11/10/17, 23:23:51:931] info: Store: UPDATE_TEAM_USAGE
{ updated: { teams: { T7X26V3D1: [Object] } } }
