[11/08/17, 13:57:25:607] info: ╔═════════════════════════════════════════════════════════════════════════╗
[11/08/17, 13:57:25:609] info: ║      Slack 2.8.0, linux 4.13.9-ck on x64 at 11/08/17, 13:57:25:597      ║
[11/08/17, 13:57:25:610] info: ╚═════════════════════════════════════════════════════════════════════════╝
[11/08/17, 13:57:25:892] info: Initializing local storage instance at path: /home/kronos/.config/Slack/local-settings.json
[11/08/17, 13:57:26:451] info: WebViewLifeCycle: Creating subscribable lifecycle object
{ objectId: 'login', assignedId: 1 }
[11/08/17, 13:57:26:453] info: WebView LifeCycle: New webview component created for login:1', with state 'unloaded'
[11/08/17, 13:57:26:456] info: Store: SET_NETWORK_STATUS online
[11/08/17, 13:57:26:977] info: Checking network connection to Slack...
[11/08/17, 13:57:26:985] info: Store: APP_STARTED
{ updated: { events: { eventId: 1 } } }
[11/08/17, 13:57:28:053] info: Store: SAVE_WINDOW_SETTINGS
{ updated: { windowFrame: { windowSettings: [Object] } } }
[11/08/17, 13:57:32:065] info: WebViewLifeCycle: State changed
{ id: 'login',
  componentId: 1,
  newState: 'page-loaded',
  data: null }
[11/08/17, 13:57:32:067] info: Store: page-loaded
[11/08/17, 13:57:38:964] info: Store: SAVE_WINDOW_SETTINGS
{ updated: { windowFrame: { windowSettings: [Object] } } }
[11/08/17, 13:57:41:521] info: WebView: Received redirect request from https://slack.com/signin to https://tbd-oats.slack.com/.
[11/08/17, 13:57:41:523] info: WebViewLifeCycle: State changed
{ id: 'login',
  componentId: 1,
  newState: 'page-redirect',
  data: null }
[11/08/17, 13:57:44:675] info: WebViewLifeCycle: State changed
{ id: 'login',
  componentId: 1,
  newState: 'page-loaded',
  data: null }
[11/08/17, 13:57:44:676] info: Store: page-loaded
[11/08/17, 13:57:55:396] info: WebView: Received redirect request from https://tbd-oats.slack.com/ to https://slack.com/checkcookie?redir=https%3A%2F%2Ftbd-oats.slack.com%2Fsignin%3Fssb_success%3D1%26ssb_relogin%3D.
[11/08/17, 13:57:55:398] info: WebViewLifeCycle: State changed
{ id: 'login',
  componentId: 1,
  newState: 'page-redirect',
  data: null }
[11/08/17, 13:57:55:527] info: WebView: Received redirect request from https://slack.com/checkcookie?redir=https%3A%2F%2Ftbd-oats.slack.com%2Fsignin%3Fssb_success%3D1%26ssb_relogin%3D to https://tbd-oats.slack.com/signin?ssb_success=1&ssb_relogin=.
[11/08/17, 13:57:55:528] info: WebViewLifeCycle: State changed
{ id: 'login',
  componentId: 1,
  newState: 'page-redirect',
  data: null }
[11/08/17, 13:57:56:456] info: Store: ADD_NEW_TEAM
{ updated: 
   { appTeams: 
      { selectedTeamId: 'T7X26V3D1',
        teamsByIndex: [Object],
        teamsToSignOut: [] },
     events: { refreshTeam: [Object] },
     teams: { T7X26V3D1: [Object] } },
  deleted: 
   { events: 
      { '1': true,
        '2': true,
        '3': true,
        '4': true,
        '5': true,
        '6': true,
        refreshTeam: [Object] } } }
[11/08/17, 13:57:56:460] info: WebViewLifeCycle: State changed
{ id: 'login',
  componentId: 1,
  newState: 'component-disposed',
  data: null }
[11/08/17, 13:57:56:464] info: WebViewLifeCycle: Removing lifecycle object from storage
{ componentId: 1, id: 'login' }
[11/08/17, 13:57:56:496] info: WebViewLifeCycle: Creating subscribable lifecycle object
{ objectId: 'T7X26V3D1', assignedId: 2 }
[11/08/17, 13:57:56:498] info: WebView LifeCycle: New webview component created for T7X26V3D1:2', with state 'unloaded'
[11/08/17, 13:57:56:573] warn: Base Component: Attempting to update LoginView when unmounted.
[11/08/17, 13:57:56:574] warn: Base Component: Attempting to update FullScreenModal when unmounted.
[11/08/17, 13:57:56:576] warn: Base Component: Attempting to update WebViewLifeCycleComponent when unmounted.
[11/08/17, 13:58:00:459] info: TeamView: Bugsnag user: U7Y0WC3QE
[11/08/17, 13:58:00:474] info: WebViewLifeCycle: State changed
{ id: 'T7X26V3D1',
  componentId: 2,
  newState: 'page-loaded',
  data: null }
[11/08/17, 13:58:00:476] info: Store: page-loaded
[11/08/17, 13:58:00:685] info: Store: SELECT_CHANNEL
{ updated: { appTeams: { selectedChannelId: 'C7X8L7EAZ' } } }
[11/08/17, 13:58:00:699] info: Store: UPDATE_TEAM_LOCALE
{ updated: { teams: { T7X26V3D1: [Object] } } }
[11/08/17, 13:58:02:071] info: Store: UPDATE_TEAM_THEME
{ updated: { teams: { T7X26V3D1: [Object] } } }
[11/08/17, 13:58:02:088] info: Store: UPDATE_TEAM_ICONS
{ updated: { teams: { T7X26V3D1: [Object] } } }
[11/08/17, 13:58:02:117] info: Webapp finished loading
[11/08/17, 13:58:02:121] info: WebViewLifeCycle: State changed
{ id: 'T7X26V3D1',
  componentId: 2,
  newState: 'webapp-loaded',
  data: null }
[11/08/17, 13:58:02:125] info: Store: webapp-loaded
[11/08/17, 13:58:02:282] info: Store: [7] Store an API token for a team
{ updated: { tokens: { T7X26V3D1: [Object] } } }
[11/08/17, 13:59:09:920] info: Store: SAVE_WINDOW_SETTINGS
{ updated: { windowFrame: { windowSettings: [Object] } } }
[11/08/17, 13:59:13:375] info: Store: SET_LOGIN_DIALOG
{ updated: { dialog: { isShowingLoginDialog: true } } }
[11/08/17, 13:59:13:411] info: WebViewLifeCycle: Creating subscribable lifecycle object
{ objectId: 'login', assignedId: 3 }
[11/08/17, 13:59:13:415] info: WebView LifeCycle: New webview component created for login:3', with state 'unloaded'
[11/08/17, 13:59:13:423] info: Store: FOREGROUND_APP
{ updated: { events: { foregroundApp: [Object] } } }
[11/08/17, 13:59:16:333] info: WebViewLifeCycle: State changed
{ id: 'login',
  componentId: 3,
  newState: 'page-loaded',
  data: null }
[11/08/17, 13:59:16:335] info: Store: page-loaded
[11/08/17, 13:59:19:499] info: WebView: Received redirect request from https://slack.com/signin to https://oats-all.slack.com/.
[11/08/17, 13:59:19:502] info: WebViewLifeCycle: State changed
{ id: 'login',
  componentId: 3,
  newState: 'page-redirect',
  data: null }
[11/08/17, 13:59:22:589] info: WebViewLifeCycle: State changed
{ id: 'login',
  componentId: 3,
  newState: 'page-loaded',
  data: null }
[11/08/17, 13:59:22:592] info: Store: page-loaded
[11/08/17, 13:59:32:701] info: WebView: Received redirect request from https://oats-all.slack.com/ to https://slack.com/checkcookie?redir=https%3A%2F%2Foats-all.slack.com%2Fsignin%3Fssb_success%3D1%26ssb_relogin%3D1.
[11/08/17, 13:59:32:704] info: WebViewLifeCycle: State changed
{ id: 'login',
  componentId: 3,
  newState: 'page-redirect',
  data: null }
[11/08/17, 13:59:32:788] info: WebView: Received redirect request from https://slack.com/checkcookie?redir=https%3A%2F%2Foats-all.slack.com%2Fsignin%3Fssb_success%3D1%26ssb_relogin%3D1 to https://oats-all.slack.com/signin?ssb_success=1&ssb_relogin=1.
[11/08/17, 13:59:32:789] info: WebViewLifeCycle: State changed
{ id: 'login',
  componentId: 3,
  newState: 'page-redirect',
  data: null }
[11/08/17, 13:59:33:587] info: Store: ADD_NEW_TEAM
{ updated: 
   { appTeams: { teamsByIndex: [Object], teamsToSignOut: [] },
     events: { refreshTeam: [Object] },
     teams: { T7WJRAJ1X: [Object] } },
  deleted: 
   { events: 
      { '1': true,
        '2': true,
        '3': true,
        '4': true,
        '5': true,
        '6': true,
        '7': true,
        '8': true,
        '9': true,
        '10': true,
        '11': true,
        '12': true,
        '13': true,
        '14': true,
        '15': true,
        '16': true,
        '17': true,
        '18': true,
        '19': true,
        '20': true,
        '21': true,
        '22': true } } }
[11/08/17, 13:59:33:619] info: WebViewLifeCycle: Creating subscribable lifecycle object
{ objectId: 'T7WJRAJ1X', assignedId: 4 }
[11/08/17, 13:59:33:621] info: WebView LifeCycle: New webview component created for T7WJRAJ1X:4', with state 'unloaded'
[11/08/17, 13:59:33:667] info: Store: SET_LOGIN_DIALOG
{ updated: { dialog: { isShowingLoginDialog: false } } }
[11/08/17, 13:59:33:669] info: WebViewLifeCycle: State changed
{ id: 'login',
  componentId: 3,
  newState: 'component-disposed',
  data: null }
[11/08/17, 13:59:33:670] info: WebViewLifeCycle: Removing lifecycle object from storage
{ componentId: 3, id: 'login' }
[11/08/17, 13:59:33:677] warn: Base Component: Attempting to update LoginView when unmounted.
[11/08/17, 13:59:33:678] warn: Base Component: Attempting to update FullScreenModal when unmounted.
[11/08/17, 13:59:33:682] warn: Base Component: Attempting to update WebViewLifeCycleComponent when unmounted.
[11/08/17, 13:59:37:528] info: WebViewLifeCycle: State changed
{ id: 'T7WJRAJ1X',
  componentId: 4,
  newState: 'page-loaded',
  data: null }
[11/08/17, 13:59:37:529] info: Store: page-loaded
[11/08/17, 13:59:37:721] info: Store: SELECT_CHANNEL
{ updated: { appTeams: { selectedChannelId: 'C7WEPD5KJ' } } }
[11/08/17, 13:59:37:733] info: Store: UPDATE_TEAM_LOCALE
{ updated: { teams: { T7WJRAJ1X: [Object] } } }
[11/08/17, 13:59:37:790] info: Store: UPDATE_TEAM_THEME
{ updated: { teams: { T7WJRAJ1X: [Object] } } }
[11/08/17, 13:59:38:436] info: Store: UPDATE_TEAM_ICONS
{ updated: { teams: { T7WJRAJ1X: [Object] } } }
[11/08/17, 13:59:38:561] info: Webapp finished loading
[11/08/17, 13:59:38:562] info: WebViewLifeCycle: State changed
{ id: 'T7WJRAJ1X',
  componentId: 4,
  newState: 'webapp-loaded',
  data: null }
[11/08/17, 13:59:38:564] info: Store: webapp-loaded
[11/08/17, 13:59:38:599] info: Store: SELECT_TEAM
{ updated: { appTeams: { selectedTeamId: 'T7WJRAJ1X' } } }
[11/08/17, 13:59:38:608] info: TeamsDisplay: Team T7X26V3D1 was active for 132164ms
[11/08/17, 13:59:38:635] info: Store: FOREGROUND_APP
{ updated: { events: { foregroundApp: [Object] } } }
[11/08/17, 13:59:38:846] info: Store: [7] Store an API token for a team
{ updated: { tokens: { T7WJRAJ1X: [Object] } } }
[11/08/17, 13:59:45:882] info: Store: SELECT_TEAM
{ updated: { appTeams: { selectedTeamId: 'T7X26V3D1' } } }
[11/08/17, 13:59:45:885] info: TeamsDisplay: Team T7WJRAJ1X was active for 7278ms
[11/08/17, 13:59:45:908] info: Store: FOREGROUND_APP
{ updated: { events: { foregroundApp: [Object] } } }
[11/08/17, 13:59:47:972] info: Store: SELECT_CHANNEL
{ updated: { appTeams: { selectedChannelId: 'D7WESPU9E' } } }
[11/08/17, 13:59:54:951] info: Store: SELECT_CHANNEL
{ updated: { appTeams: { selectedChannelId: 'C7X8L7EAZ' } } }
[11/08/17, 14:00:25:350] info: Store: SELECT_CHANNEL
{ updated: { appTeams: { selectedChannelId: 'C7X4EG7DY' } } }
[11/08/17, 14:00:58:225] info: Store: SELECT_TEAM T7X26V3D1
[11/08/17, 14:01:02:945] info: Store: SELECT_CHANNEL
{ updated: { appTeams: { selectedChannelId: 'C7X8L7EAZ' } } }
[11/08/17, 14:04:00:778] info: Store: UPDATE_SETTINGS
{ updated: { settings: { hasRunFromTray: true } } }
[11/08/17, 14:04:00:786] info: Store: SHOW_TRAY_BALLOON
{ updated: { dialog: { lastBalloon: [Object] } } }
[11/08/17, 14:04:02:265] info: Store: SAVE_WINDOW_SETTINGS
{ updated: { windowFrame: { windowSettings: [Object] } } }
[11/08/17, 14:04:03:825] info: Store: FOREGROUND_APP
{ updated: { events: { foregroundApp: [Object] } } }
[11/08/17, 14:04:04:888] info: Store: SAVE_WINDOW_SETTINGS
{ updated: { windowFrame: { windowSettings: [Object] } } }
[11/08/17, 14:04:06:811] info: Store: SAVE_WINDOW_SETTINGS
{ updated: { windowFrame: { windowSettings: [Object] } } }
