[11/08/17, 13:59:13:985] info: ╔═════════════════════════════════════════════════════════════════════════╗
[11/08/17, 13:59:13:987] info: ║      Slack 2.8.0, linux 4.13.9-ck on x64 at 11/08/17, 13:59:13:976      ║
[11/08/17, 13:59:13:988] info: ╚═════════════════════════════════════════════════════════════════════════╝
[11/08/17, 13:59:14:267] info: Initializing local storage instance at path: /home/kronos/.config/Slack/local-settings.json
[11/08/17, 13:59:19:369] info: Window is unloading, winssb is no longer accessible
[11/08/17, 13:59:19:506] info: Window is unloading, winssb is no longer accessible
[11/08/17, 13:59:20:028] info: ╔═════════════════════════════════════════════════════════════════════════╗
[11/08/17, 13:59:20:030] info: ║      Slack 2.8.0, linux 4.13.9-ck on x64 at 11/08/17, 13:59:20:017      ║
[11/08/17, 13:59:20:031] info: ╚═════════════════════════════════════════════════════════════════════════╝
[11/08/17, 13:59:20:422] info: Initializing local storage instance at path: /home/kronos/.config/Slack/local-settings.json
[11/08/17, 13:59:32:031] info: Window is unloading, winssb is no longer accessible
[11/08/17, 13:59:32:708] info: Window is unloading, winssb is no longer accessible
[11/08/17, 13:59:33:184] info: ╔═════════════════════════════════════════════════════════════════════════╗
[11/08/17, 13:59:33:186] info: ║      Slack 2.8.0, linux 4.13.9-ck on x64 at 11/08/17, 13:59:33:175      ║
[11/08/17, 13:59:33:187] info: ╚═════════════════════════════════════════════════════════════════════════╝
[11/08/17, 13:59:33:488] info: Initializing local storage instance at path: /home/kronos/.config/Slack/local-settings.json
[11/08/17, 13:59:33:576] info: Store: ADD_NEW_TEAM
{ id: 'U7WJRAJQ1',
  name: '[REDACTED]',
  team_id: 'T7WJRAJ1X',
  team_name: '[REDACTED]',
  team_url: '[REDACTED]' }
[11/08/17, 13:59:33:580] info: Store: SET_LOGIN_DIALOG
